  [1m[36mSQL (0.2ms)[0m  [1m SELECT name
 FROM sqlite_master
 WHERE type = 'table' AND NOT name = 'sqlite_sequence'
[0m
  [1m[35mSQL (0.1ms)[0m  select sqlite_version(*)
  [1m[36mSQL (0.9ms)[0m  [1mCREATE TABLE "schema_migrations" ("version" varchar(255) NOT NULL) [0m
  [1m[35mSQL (0.0ms)[0m  PRAGMA index_list("schema_migrations")
  [1m[36mSQL (0.8ms)[0m  [1mCREATE UNIQUE INDEX "unique_schema_migrations" ON "schema_migrations" ("version")[0m
  [1m[35mSQL (0.1ms)[0m   SELECT name
 FROM sqlite_master
 WHERE type = 'table' AND NOT name = 'sqlite_sequence'
  [1m[36mSQL (0.2ms)[0m  [1mselect sqlite_version(*)[0m
  [1m[35mSQL (0.1ms)[0m   SELECT name
 FROM sqlite_master
 WHERE type = 'table' AND NOT name = 'sqlite_sequence'
  [1m[36mSQL (0.1ms)[0m  [1m SELECT name
 FROM sqlite_master
 WHERE type = 'table' AND NOT name = 'sqlite_sequence'
[0m
  [1m[35mSQL (0.1ms)[0m  SELECT "schema_migrations"."version" FROM "schema_migrations"
  [1m[36mSQL (0.1ms)[0m  [1m SELECT name
 FROM sqlite_master
 WHERE type = 'table' AND NOT name = 'sqlite_sequence'
[0m
DEPRECATION WARNING: config.action_view.debug_rjs will be removed in 3.1, from 3.1 onwards you will need to install prototype-rails to continue to use RJS templates . (called from service at /System/Library/Frameworks/Ruby.framework/Versions/2.0/usr/lib/ruby/2.0.0/webrick/httpserver.rb:138)


Started GET "/index" for 127.0.0.1 at 2014-11-04 17:08:06 +0530

ActionController::RoutingError (No route matches "/index"):
  

Rendered /Library/Ruby/Gems/2.0.0/gems/actionpack-3.0.20/lib/action_dispatch/middleware/templates/rescues/routing_error.erb within rescues/layout (0.8ms)
  [1m[36mSQL (0.3ms)[0m  [1m SELECT name
 FROM sqlite_master
 WHERE type = 'table' AND NOT name = 'sqlite_sequence'
[0m
  [1m[35mSQL (0.1ms)[0m   SELECT name
 FROM sqlite_master
 WHERE type = 'table' AND NOT name = 'sqlite_sequence'
  [1m[36mSQL (0.1ms)[0m  [1mSELECT "schema_migrations"."version" FROM "schema_migrations"[0m
Migrating to CreateUsers (20141104113837)
  [1m[35mSQL (0.0ms)[0m  select sqlite_version(*)
  [1m[36mSQL (0.3ms)[0m  [1mCREATE TABLE "users" ("id" INTEGER PRIMARY KEY AUTOINCREMENT NOT NULL, "created_at" datetime, "updated_at" datetime) [0m
  [1m[35mSQL (0.1ms)[0m  INSERT INTO "schema_migrations" ("version") VALUES ('20141104113837')
Migrating to CreateResumes (20141104114124)
  [1m[36mSQL (0.2ms)[0m  [1mCREATE TABLE "resumes" ("id" INTEGER PRIMARY KEY AUTOINCREMENT NOT NULL, "first_name" varchar(255), "last_name" varchar(255), "resume" text, "profile_pic" text, "resume_size" varchar(255), "created_at" datetime, "updated_at" datetime) [0m
  [1m[35mSQL (0.1ms)[0m  INSERT INTO "schema_migrations" ("version") VALUES ('20141104114124')
  [1m[36mSQL (0.2ms)[0m  [1mselect sqlite_version(*)[0m
  [1m[35mSQL (0.1ms)[0m   SELECT name
 FROM sqlite_master
 WHERE type = 'table' AND NOT name = 'sqlite_sequence'
  [1m[36mSQL (0.1ms)[0m  [1mSELECT "schema_migrations"."version" FROM "schema_migrations"[0m
  [1m[35mSQL (0.1ms)[0m   SELECT name
 FROM sqlite_master
 WHERE type = 'table' AND NOT name = 'sqlite_sequence'
  [1m[36mSQL (0.0ms)[0m  [1mPRAGMA index_list("resumes")[0m
  [1m[35mSQL (0.0ms)[0m  PRAGMA index_list("users")
DEPRECATION WARNING: config.action_view.debug_rjs will be removed in 3.1, from 3.1 onwards you will need to install prototype-rails to continue to use RJS templates . (called from service at /System/Library/Frameworks/Ruby.framework/Versions/2.0/usr/lib/ruby/2.0.0/webrick/httpserver.rb:138)


Started GET "/index" for 127.0.0.1 at 2014-11-04 17:13:47 +0530

ActionController::RoutingError (No route matches "/index"):
  

Rendered /Library/Ruby/Gems/2.0.0/gems/actionpack-3.0.20/lib/action_dispatch/middleware/templates/rescues/routing_error.erb within rescues/layout (0.8ms)


Started GET "/index" for 127.0.0.1 at 2014-11-04 17:14:27 +0530
  Processing by LoginController#index as HTML
Rendered login/index.html.erb within layouts/application (35.7ms)
Completed 500 Internal Server Error in 39ms

ActionView::Template::Error (no implicit conversion of nil into String):
    3: <head>
    4:   <title>NeoRail</title>
    5:   <%= stylesheet_link_tag :all %>
    6:   <%= javascript_include_tag :defaults %>
    7:   <%= csrf_meta_tag %>
    8: </head>
    9: <body>
  app/views/layouts/application.html.erb:6:in `_app_views_layouts_application_html_erb__4486216503415174001_70148330442780_1713032669066040669'

Rendered /Library/Ruby/Gems/2.0.0/gems/actionpack-3.0.20/lib/action_dispatch/middleware/templates/rescues/_trace.erb (1.1ms)
Rendered /Library/Ruby/Gems/2.0.0/gems/actionpack-3.0.20/lib/action_dispatch/middleware/templates/rescues/_request_and_response.erb (2.8ms)
Rendered /Library/Ruby/Gems/2.0.0/gems/actionpack-3.0.20/lib/action_dispatch/middleware/templates/rescues/template_error.erb within rescues/layout (6.5ms)


Started GET "/index" for 127.0.0.1 at 2014-11-04 17:14:41 +0530
  Processing by LoginController#index as HTML
Rendered login/index.html.erb within layouts/application (2.3ms)
Completed 500 Internal Server Error in 5ms

ActionView::Template::Error (no implicit conversion of nil into String):
    3: <head>
    4:   <title>NeoRail</title>
    5:   <%= stylesheet_link_tag :all %>
    6:   <%= javascript_include_tag :defaults %>
    7:   <%= csrf_meta_tag %>
    8: </head>
    9: <body>
  app/views/layouts/application.html.erb:6:in `_app_views_layouts_application_html_erb__4486216503415174001_70148314735260_1713032669066040669'

Rendered /Library/Ruby/Gems/2.0.0/gems/actionpack-3.0.20/lib/action_dispatch/middleware/templates/rescues/_trace.erb (1.1ms)
Rendered /Library/Ruby/Gems/2.0.0/gems/actionpack-3.0.20/lib/action_dispatch/middleware/templates/rescues/_request_and_response.erb (18.4ms)
Rendered /Library/Ruby/Gems/2.0.0/gems/actionpack-3.0.20/lib/action_dispatch/middleware/templates/rescues/template_error.erb within rescues/layout (22.1ms)


Started GET "/" for 127.0.0.1 at 2014-11-04 17:14:44 +0530
  Processing by LoginController#index as HTML
Rendered login/index.html.erb within layouts/application (2.3ms)
Completed 500 Internal Server Error in 5ms

ActionView::Template::Error (no implicit conversion of nil into String):
    3: <head>
    4:   <title>NeoRail</title>
    5:   <%= stylesheet_link_tag :all %>
    6:   <%= javascript_include_tag :defaults %>
    7:   <%= csrf_meta_tag %>
    8: </head>
    9: <body>
  app/views/layouts/application.html.erb:6:in `_app_views_layouts_application_html_erb__4486216503415174001_70148321721180_1713032669066040669'

Rendered /Library/Ruby/Gems/2.0.0/gems/actionpack-3.0.20/lib/action_dispatch/middleware/templates/rescues/_trace.erb (1.1ms)
Rendered /Library/Ruby/Gems/2.0.0/gems/actionpack-3.0.20/lib/action_dispatch/middleware/templates/rescues/_request_and_response.erb (2.7ms)
Rendered /Library/Ruby/Gems/2.0.0/gems/actionpack-3.0.20/lib/action_dispatch/middleware/templates/rescues/template_error.erb within rescues/layout (6.5ms)


Started GET "/" for 127.0.0.1 at 2014-11-04 17:16:19 +0530
  Processing by LoginController#index as HTML
Rendered login/index.html.erb within layouts/application (2.3ms)
Completed 500 Internal Server Error in 5ms

ActionView::Template::Error (no implicit conversion of nil into String):
    3: <head>
    4:   <title>NeoRail</title>
    5:   <%= stylesheet_link_tag :all %>
    6:   <%= javascript_include_tag :defaults %>
    7:   <%= csrf_meta_tag %>
    8: </head>
    9: <body>
  app/views/layouts/application.html.erb:6:in `_app_views_layouts_application_html_erb__4486216503415174001_70148330969380_1713032669066040669'

Rendered /Library/Ruby/Gems/2.0.0/gems/actionpack-3.0.20/lib/action_dispatch/middleware/templates/rescues/_trace.erb (1.0ms)
Rendered /Library/Ruby/Gems/2.0.0/gems/actionpack-3.0.20/lib/action_dispatch/middleware/templates/rescues/_request_and_response.erb (2.6ms)
Rendered /Library/Ruby/Gems/2.0.0/gems/actionpack-3.0.20/lib/action_dispatch/middleware/templates/rescues/template_error.erb within rescues/layout (20.7ms)


Started GET "/" for 127.0.0.1 at 2014-11-04 17:17:00 +0530
  Processing by LoginController#index as HTML
Rendered login/index.html.erb within layouts/application (2.4ms)
Completed 500 Internal Server Error in 6ms

ActionView::Template::Error (no implicit conversion of nil into String):
    3: <head>
    4:   <title>NeoRail</title>
    5:   <%= stylesheet_link_tag :all %>
    6:   <%= javascript_include_tag :defaults %>
    7:   <%= csrf_meta_tag %>
    8: </head>
    9: <body>
  app/views/layouts/application.html.erb:6:in `_app_views_layouts_application_html_erb__4486216503415174001_70148321456320_1713032669066040669'
  app/controllers/login_controller.rb:3:in `index'

Rendered /Library/Ruby/Gems/2.0.0/gems/actionpack-3.0.20/lib/action_dispatch/middleware/templates/rescues/_trace.erb (1.0ms)
Rendered /Library/Ruby/Gems/2.0.0/gems/actionpack-3.0.20/lib/action_dispatch/middleware/templates/rescues/_request_and_response.erb (2.6ms)
Rendered /Library/Ruby/Gems/2.0.0/gems/actionpack-3.0.20/lib/action_dispatch/middleware/templates/rescues/template_error.erb within rescues/layout (6.4ms)
DEPRECATION WARNING: config.action_view.debug_rjs will be removed in 3.1, from 3.1 onwards you will need to install prototype-rails to continue to use RJS templates . (called from service at /System/Library/Frameworks/Ruby.framework/Versions/2.0/usr/lib/ruby/2.0.0/webrick/httpserver.rb:138)


Started GET "/" for 127.0.0.1 at 2014-11-04 17:21:48 +0530
  Processing by LoginController#index as HTML
Rendered login/index.html.erb within layouts/application (5.4ms)
Completed 200 OK in 8ms (Views: 8.1ms | ActiveRecord: 0.0ms)
DEPRECATION WARNING: config.action_view.debug_rjs will be removed in 3.1, from 3.1 onwards you will need to install prototype-rails to continue to use RJS templates . (called from <top (required)> at /usr/local/openresty/nginx/html/neo_rail/config/environment.rb:5)


Started GET "/" for 127.0.0.1 at 2014-11-04 17:25:31 +0530
  Processing by LoginController#index as HTML
Rendered login/index.html.erb within layouts/application (5.7ms)
Completed 200 OK in 9ms (Views: 9.2ms | ActiveRecord: 0.0ms)


Started GET "/" for 127.0.0.1 at 2014-11-04 17:27:56 +0530
  Processing by LoginController#index as HTML
Rendered login/index.html.erb within layouts/application (3.4ms)
Completed 500 Internal Server Error in 22ms

ActionView::Template::Error (no implicit conversion of nil into String):
    2: <html>
    3: <head>
    4:   <title>NeoRail</title>
    5:   <%= javascript_include_tag "controls", "effects" %>
    6:   <%= csrf_meta_tag %>
    7: </head>
    8: <body>
  app/views/layouts/application.html.erb:5:in `_app_views_layouts_application_html_erb___1875925679223953215_70340642200440_2756785711134880539'
  app/controllers/login_controller.rb:3:in `index'

Rendered /Library/Ruby/Gems/2.0.0/gems/actionpack-3.0.20/lib/action_dispatch/middleware/templates/rescues/_trace.erb (1.0ms)
Rendered /Library/Ruby/Gems/2.0.0/gems/actionpack-3.0.20/lib/action_dispatch/middleware/templates/rescues/_request_and_response.erb (2.9ms)
Rendered /Library/Ruby/Gems/2.0.0/gems/actionpack-3.0.20/lib/action_dispatch/middleware/templates/rescues/template_error.erb within rescues/layout (6.6ms)
DEPRECATION WARNING: config.action_view.debug_rjs will be removed in 3.1, from 3.1 onwards you will need to install prototype-rails to continue to use RJS templates . (called from <top (required)> at /usr/local/openresty/nginx/html/neo_rail/config/environment.rb:5)


Started GET "/" for 127.0.0.1 at 2014-11-04 17:32:05 +0530

NameError (uninitialized constant Cacher):
  

Rendered /Library/Ruby/Gems/2.0.0/gems/actionpack-3.0.20/lib/action_dispatch/middleware/templates/rescues/_trace.erb (1.0ms)
Rendered /Library/Ruby/Gems/2.0.0/gems/actionpack-3.0.20/lib/action_dispatch/middleware/templates/rescues/_request_and_response.erb (1.7ms)
Rendered /Library/Ruby/Gems/2.0.0/gems/actionpack-3.0.20/lib/action_dispatch/middleware/templates/rescues/diagnostics.erb within rescues/layout (5.4ms)


Started GET "/" for 127.0.0.1 at 2014-11-04 17:32:22 +0530

NameError (uninitialized constant Cacher):
  

Rendered /Library/Ruby/Gems/2.0.0/gems/actionpack-3.0.20/lib/action_dispatch/middleware/templates/rescues/_trace.erb (0.9ms)
Rendered /Library/Ruby/Gems/2.0.0/gems/actionpack-3.0.20/lib/action_dispatch/middleware/templates/rescues/_request_and_response.erb (1.1ms)
Rendered /Library/Ruby/Gems/2.0.0/gems/actionpack-3.0.20/lib/action_dispatch/middleware/templates/rescues/diagnostics.erb within rescues/layout (4.8ms)
DEPRECATION WARNING: config.action_view.debug_rjs will be removed in 3.1, from 3.1 onwards you will need to install prototype-rails to continue to use RJS templates . (called from <top (required)> at /usr/local/openresty/nginx/html/neo_rail/config/environment.rb:5)


Started GET "/" for 127.0.0.1 at 2014-11-04 17:32:30 +0530
  Processing by LoginController#index as HTML
Rendered login/index.html.erb within layouts/application (7.2ms)
Completed 500 Internal Server Error in 11ms

ActionView::Template::Error (no implicit conversion of nil into String):
    3: <head>
    4:   <title>NeoRail</title>
    5:   <%= stylesheet_link_tag :all %>
    6:   <%= javascript_include_tag :defaults %>
    7:   <%= csrf_meta_tag %>
    8: </head>
    9: <body>
  app/views/layouts/application.html.erb:6:in `_app_views_layouts_application_html_erb__4607939817844545047_70287170689060__993429279477318646'
  app/controllers/login_controller.rb:3:in `index'

Rendered /Library/Ruby/Gems/2.0.0/gems/actionpack-3.0.20/lib/action_dispatch/middleware/templates/rescues/_trace.erb (1.0ms)
Rendered /Library/Ruby/Gems/2.0.0/gems/actionpack-3.0.20/lib/action_dispatch/middleware/templates/rescues/_request_and_response.erb (18.3ms)
Rendered /Library/Ruby/Gems/2.0.0/gems/actionpack-3.0.20/lib/action_dispatch/middleware/templates/rescues/template_error.erb within rescues/layout (22.3ms)


Started GET "/" for 127.0.0.1 at 2014-11-04 17:32:48 +0530
  Processing by LoginController#index as HTML
Rendered login/index.html.erb within layouts/application (2.2ms)
Completed 500 Internal Server Error in 6ms

ActionView::Template::Error (no implicit conversion of nil into String):
    2: <html>
    3: <head>
    4:   <title>NeoRail</title>
    5:   <%= javascript_include_tag :defaults %>
    6:   <%= csrf_meta_tag %>
    7: </head>
    8: <body>
  app/views/layouts/application.html.erb:5:in `_app_views_layouts_application_html_erb__4607939817844545047_70287166280900__993429279477318646'
  app/controllers/login_controller.rb:3:in `index'

Rendered /Library/Ruby/Gems/2.0.0/gems/actionpack-3.0.20/lib/action_dispatch/middleware/templates/rescues/_trace.erb (1.0ms)
Rendered /Library/Ruby/Gems/2.0.0/gems/actionpack-3.0.20/lib/action_dispatch/middleware/templates/rescues/_request_and_response.erb (2.8ms)
Rendered /Library/Ruby/Gems/2.0.0/gems/actionpack-3.0.20/lib/action_dispatch/middleware/templates/rescues/template_error.erb within rescues/layout (6.4ms)


Started GET "/" for 127.0.0.1 at 2014-11-04 17:32:49 +0530
  Processing by LoginController#index as HTML
Rendered login/index.html.erb within layouts/application (2.2ms)
Completed 500 Internal Server Error in 6ms

ActionView::Template::Error (no implicit conversion of nil into String):
    2: <html>
    3: <head>
    4:   <title>NeoRail</title>
    5:   <%= javascript_include_tag :defaults %>
    6:   <%= csrf_meta_tag %>
    7: </head>
    8: <body>
  app/views/layouts/application.html.erb:5:in `_app_views_layouts_application_html_erb__4607939817844545047_70287170013500__993429279477318646'
  app/controllers/login_controller.rb:3:in `index'

Rendered /Library/Ruby/Gems/2.0.0/gems/actionpack-3.0.20/lib/action_dispatch/middleware/templates/rescues/_trace.erb (1.0ms)
Rendered /Library/Ruby/Gems/2.0.0/gems/actionpack-3.0.20/lib/action_dispatch/middleware/templates/rescues/_request_and_response.erb (2.7ms)
Rendered /Library/Ruby/Gems/2.0.0/gems/actionpack-3.0.20/lib/action_dispatch/middleware/templates/rescues/template_error.erb within rescues/layout (6.4ms)
DEPRECATION WARNING: config.action_view.debug_rjs will be removed in 3.1, from 3.1 onwards you will need to install prototype-rails to continue to use RJS templates . (called from <top (required)> at /usr/local/openresty/nginx/html/neo_rail/config/environment.rb:5)


Started GET "/" for 127.0.0.1 at 2014-11-04 17:42:02 +0530
  Processing by LoginController#index as HTML
Rendered login/index.html.erb within layouts/application (6.9ms)
Completed 500 Internal Server Error in 10ms

ActionView::Template::Error (no implicit conversion of nil into String):
    2: <html>
    3: <head>
    4:   <title>NeoRail</title>
    5:   <%= javascript_include_tag :defaults %>
    6:   <%= csrf_meta_tag %>
    7: </head>
    8: <body>
  app/views/layouts/application.html.erb:5:in `_app_views_layouts_application_html_erb__873962279550362823_70267178416520__3658390639151143845'
  app/controllers/login_controller.rb:3:in `index'

Rendered /Library/Ruby/Gems/2.0.0/gems/actionpack-3.0.20/lib/action_dispatch/middleware/templates/rescues/_trace.erb (1.2ms)
Rendered /Library/Ruby/Gems/2.0.0/gems/actionpack-3.0.20/lib/action_dispatch/middleware/templates/rescues/_request_and_response.erb (17.8ms)
Rendered /Library/Ruby/Gems/2.0.0/gems/actionpack-3.0.20/lib/action_dispatch/middleware/templates/rescues/template_error.erb within rescues/layout (22.2ms)
DEPRECATION WARNING: config.action_view.debug_rjs will be removed in 3.1, from 3.1 onwards you will need to install prototype-rails to continue to use RJS templates . (called from <top (required)> at /usr/local/openresty/nginx/html/neo_rail/config/environment.rb:5)


Started GET "/" for 127.0.0.1 at 2014-11-04 17:42:24 +0530
  Processing by LoginController#index as HTML
Rendered login/index.html.erb within layouts/application (7.3ms)
Completed 500 Internal Server Error in 11ms

ActionView::Template::Error (no implicit conversion of nil into String):
    2: <html>
    3: <head>
    4:   <title>NeoRail</title>
    5:   <%= javascript_include_tag :defaults %>
    6:   <%= csrf_meta_tag %>
    7: </head>
    8: <body>
  app/views/layouts/application.html.erb:5:in `_app_views_layouts_application_html_erb__4344980511864080565_70362925013020_203639951679506482'
  app/controllers/login_controller.rb:3:in `index'

Rendered /Library/Ruby/Gems/2.0.0/gems/actionpack-3.0.20/lib/action_dispatch/middleware/templates/rescues/_trace.erb (1.1ms)
Rendered /Library/Ruby/Gems/2.0.0/gems/actionpack-3.0.20/lib/action_dispatch/middleware/templates/rescues/_request_and_response.erb (18.3ms)
Rendered /Library/Ruby/Gems/2.0.0/gems/actionpack-3.0.20/lib/action_dispatch/middleware/templates/rescues/template_error.erb within rescues/layout (22.6ms)
DEPRECATION WARNING: config.action_view.debug_rjs will be removed in 3.1, from 3.1 onwards you will need to install prototype-rails to continue to use RJS templates . (called from <top (required)> at /usr/local/openresty/nginx/html/neo_rail/config/environment.rb:5)


Started GET "/" for 127.0.0.1 at 2014-11-04 17:46:12 +0530
  Processing by LoginController#index as HTML
Rendered login/index.html.erb within layouts/application (5.9ms)
Completed 200 OK in 9ms (Views: 9.1ms | ActiveRecord: 0.0ms)


Started GET "/javascripts/jquery.js" for 127.0.0.1 at 2014-11-04 17:46:12 +0530

ActionController::RoutingError (No route matches "/javascripts/jquery.js"):
  

Rendered /Library/Ruby/Gems/2.0.0/gems/actionpack-3.0.20/lib/action_dispatch/middleware/templates/rescues/routing_error.erb within rescues/layout (0.8ms)


Started GET "/javascripts/jquery.iframe-transport" for 127.0.0.1 at 2014-11-04 17:46:12 +0530

ActionController::RoutingError (No route matches "/javascripts/jquery.iframe-transport"):
  

Rendered /Library/Ruby/Gems/2.0.0/gems/actionpack-3.0.20/lib/action_dispatch/middleware/templates/rescues/routing_error.erb within rescues/layout (0.8ms)


Started GET "/javascripts/jquery_ujs.js" for 127.0.0.1 at 2014-11-04 17:46:12 +0530

ActionController::RoutingError (No route matches "/javascripts/jquery_ujs.js"):
  

Rendered /Library/Ruby/Gems/2.0.0/gems/actionpack-3.0.20/lib/action_dispatch/middleware/templates/rescues/routing_error.erb within rescues/layout (0.8ms)


Started GET "/javascripts/jquery.remotipart" for 127.0.0.1 at 2014-11-04 17:46:12 +0530

ActionController::RoutingError (No route matches "/javascripts/jquery.remotipart"):
  

Rendered /Library/Ruby/Gems/2.0.0/gems/actionpack-3.0.20/lib/action_dispatch/middleware/templates/rescues/routing_error.erb within rescues/layout (0.8ms)


Started GET "/" for 127.0.0.1 at 2014-11-04 17:50:32 +0530
  Processing by LoginController#index as HTML
Rendered login/index.html.erb within layouts/application (2.7ms)
Completed 200 OK in 6ms (Views: 6.1ms | ActiveRecord: 0.0ms)


Started GET "/javascripts/jquery_ujs.js" for 127.0.0.1 at 2014-11-04 17:50:32 +0530

ActionController::RoutingError (No route matches "/javascripts/jquery_ujs.js"):
  

Rendered /Library/Ruby/Gems/2.0.0/gems/actionpack-3.0.20/lib/action_dispatch/middleware/templates/rescues/routing_error.erb within rescues/layout (0.8ms)


Started GET "/javascripts/jquery.js" for 127.0.0.1 at 2014-11-04 17:50:32 +0530

ActionController::RoutingError (No route matches "/javascripts/jquery.js"):
  

Rendered /Library/Ruby/Gems/2.0.0/gems/actionpack-3.0.20/lib/action_dispatch/middleware/templates/rescues/routing_error.erb within rescues/layout (1.9ms)


Started GET "/javascripts/jquery.iframe-transport" for 127.0.0.1 at 2014-11-04 17:50:32 +0530

ActionController::RoutingError (No route matches "/javascripts/jquery.iframe-transport"):
  

Rendered /Library/Ruby/Gems/2.0.0/gems/actionpack-3.0.20/lib/action_dispatch/middleware/templates/rescues/routing_error.erb within rescues/layout (0.9ms)


Started GET "/javascripts/jquery.remotipart" for 127.0.0.1 at 2014-11-04 17:50:32 +0530

ActionController::RoutingError (No route matches "/javascripts/jquery.remotipart"):
  

Rendered /Library/Ruby/Gems/2.0.0/gems/actionpack-3.0.20/lib/action_dispatch/middleware/templates/rescues/routing_error.erb within rescues/layout (0.8ms)


Started POST "/upload" for 127.0.0.1 at 2014-11-04 17:50:52 +0530
  Processing by LoginController#create as JS
  Parameters: {"utf8"=>"✓", "authenticity_token"=>"Hfb19gemDhSq5Yk2RFqML3OQnwH6dbnS8MJcszbU55k=", "upload"=>{"first_name"=>"Mohit", "last_name"=>"D", "profile_pic"=>"index_red.png", "resume"=>"index.png"}, "commit"=>"Upload"}
Completed 406 Not Acceptable in 0ms


Started GET "/" for 127.0.0.1 at 2014-11-04 17:51:01 +0530
  Processing by LoginController#index as HTML
Rendered login/index.html.erb within layouts/application (3.0ms)
Completed 200 OK in 7ms (Views: 6.5ms | ActiveRecord: 0.0ms)


Started GET "/javascripts/jquery_ujs.js" for 127.0.0.1 at 2014-11-04 17:51:01 +0530

ActionController::RoutingError (No route matches "/javascripts/jquery_ujs.js"):
  

Rendered /Library/Ruby/Gems/2.0.0/gems/actionpack-3.0.20/lib/action_dispatch/middleware/templates/rescues/routing_error.erb within rescues/layout (0.8ms)


Started GET "/javascripts/jquery.iframe-transport" for 127.0.0.1 at 2014-11-04 17:51:01 +0530

ActionController::RoutingError (No route matches "/javascripts/jquery.iframe-transport"):
  

Rendered /Library/Ruby/Gems/2.0.0/gems/actionpack-3.0.20/lib/action_dispatch/middleware/templates/rescues/routing_error.erb within rescues/layout (0.9ms)


Started GET "/javascripts/jquery.js" for 127.0.0.1 at 2014-11-04 17:51:01 +0530

ActionController::RoutingError (No route matches "/javascripts/jquery.js"):
  

Rendered /Library/Ruby/Gems/2.0.0/gems/actionpack-3.0.20/lib/action_dispatch/middleware/templates/rescues/routing_error.erb within rescues/layout (0.8ms)


Started GET "/javascripts/jquery.remotipart" for 127.0.0.1 at 2014-11-04 17:51:01 +0530

ActionController::RoutingError (No route matches "/javascripts/jquery.remotipart"):
  

Rendered /Library/Ruby/Gems/2.0.0/gems/actionpack-3.0.20/lib/action_dispatch/middleware/templates/rescues/routing_error.erb within rescues/layout (0.8ms)
DEPRECATION WARNING: config.action_view.debug_rjs will be removed in 3.1, from 3.1 onwards you will need to install prototype-rails to continue to use RJS templates . (called from <top (required)> at /usr/local/openresty/nginx/html/neo_rail/config/environment.rb:5)


Started GET "/" for 127.0.0.1 at 2014-11-04 18:00:51 +0530
  Processing by LoginController#index as HTML
Rendered login/index.html.erb within layouts/application (26.3ms)
Completed 200 OK in 48ms (Views: 47.7ms | ActiveRecord: 0.0ms)


Started GET "/javascripts/jquery.js" for 127.0.0.1 at 2014-11-04 18:00:52 +0530

ActionController::RoutingError (No route matches "/javascripts/jquery.js"):
  

Rendered /Library/Ruby/Gems/2.0.0/gems/actionpack-3.0.20/lib/action_dispatch/middleware/templates/rescues/routing_error.erb within rescues/layout (0.9ms)


Started GET "/javascripts/jquery_ujs.js" for 127.0.0.1 at 2014-11-04 18:00:52 +0530

ActionController::RoutingError (No route matches "/javascripts/jquery_ujs.js"):
  

Rendered /Library/Ruby/Gems/2.0.0/gems/actionpack-3.0.20/lib/action_dispatch/middleware/templates/rescues/routing_error.erb within rescues/layout (1.0ms)


Started GET "/javascripts/jquery.iframe-transport" for 127.0.0.1 at 2014-11-04 18:00:52 +0530

ActionController::RoutingError (No route matches "/javascripts/jquery.iframe-transport"):
  

Rendered /Library/Ruby/Gems/2.0.0/gems/actionpack-3.0.20/lib/action_dispatch/middleware/templates/rescues/routing_error.erb within rescues/layout (1.0ms)


Started GET "/javascripts/jquery.remotipart" for 127.0.0.1 at 2014-11-04 18:00:52 +0530

ActionController::RoutingError (No route matches "/javascripts/jquery.remotipart"):
  

Rendered /Library/Ruby/Gems/2.0.0/gems/actionpack-3.0.20/lib/action_dispatch/middleware/templates/rescues/routing_error.erb within rescues/layout (0.7ms)


Started GET "/" for 127.0.0.1 at 2014-11-04 18:01:45 +0530
  Processing by LoginController#index as HTML
Rendered login/index.html.erb within layouts/application (3.1ms)
Completed 200 OK in 7ms (Views: 6.4ms | ActiveRecord: 0.0ms)


Started GET "/javascripts/jquery.remotipart" for 127.0.0.1 at 2014-11-04 18:01:46 +0530

ActionController::RoutingError (No route matches "/javascripts/jquery.remotipart"):
  

Rendered /Library/Ruby/Gems/2.0.0/gems/actionpack-3.0.20/lib/action_dispatch/middleware/templates/rescues/routing_error.erb within rescues/layout (0.7ms)


Started GET "/javascripts/jquery_ujs.js" for 127.0.0.1 at 2014-11-04 18:01:46 +0530

ActionController::RoutingError (No route matches "/javascripts/jquery_ujs.js"):
  

Rendered /Library/Ruby/Gems/2.0.0/gems/actionpack-3.0.20/lib/action_dispatch/middleware/templates/rescues/routing_error.erb within rescues/layout (0.8ms)


Started GET "/" for 127.0.0.1 at 2014-11-04 18:03:25 +0530
  Processing by LoginController#index as HTML
Rendered login/index.html.erb within layouts/application (2.9ms)
Completed 200 OK in 7ms (Views: 6.6ms | ActiveRecord: 0.0ms)


Started GET "/javascripts/jquery_ujs.js" for 127.0.0.1 at 2014-11-04 18:03:25 +0530

ActionController::RoutingError (No route matches "/javascripts/jquery_ujs.js"):
  

Rendered /Library/Ruby/Gems/2.0.0/gems/actionpack-3.0.20/lib/action_dispatch/middleware/templates/rescues/routing_error.erb within rescues/layout (0.8ms)


Started POST "/upload" for 127.0.0.1 at 2014-11-04 18:03:54 +0530
  Processing by LoginController#create as JS
  Parameters: {"utf8"=>"✓", "authenticity_token"=>"Hfb19gemDhSq5Yk2RFqML3OQnwH6dbnS8MJcszbU55k=", "upload"=>{"first_name"=>"Mohit", "last_name"=>"Kumar", "profile_pic"=>"index.png", "resume"=>"index.png"}, "commit"=>"Upload"}
Completed 406 Not Acceptable in 0ms
DEPRECATION WARNING: config.action_view.debug_rjs will be removed in 3.1, from 3.1 onwards you will need to install prototype-rails to continue to use RJS templates . (called from <top (required)> at /usr/local/openresty/nginx/html/neo_rail/config/environment.rb:5)
DEPRECATION WARNING: config.action_view.debug_rjs will be removed in 3.1, from 3.1 onwards you will need to install prototype-rails to continue to use RJS templates . (called from <top (required)> at /usr/local/openresty/nginx/html/neo_rail/config/environment.rb:5)
DEPRECATION WARNING: config.action_view.debug_rjs will be removed in 3.1, from 3.1 onwards you will need to install prototype-rails to continue to use RJS templates . (called from <top (required)> at /usr/local/openresty/nginx/html/neo_rail/config/environment.rb:5)
DEPRECATION WARNING: config.action_view.debug_rjs will be removed in 3.1, from 3.1 onwards you will need to install prototype-rails to continue to use RJS templates . (called from <top (required)> at /usr/local/openresty/nginx/html/neo_rail/config/environment.rb:5)
  [1m[36mResume Load (12.8ms)[0m  [1mSELECT "resumes".* FROM "resumes"[0m
DEPRECATION WARNING: config.action_view.debug_rjs will be removed in 3.1, from 3.1 onwards you will need to install prototype-rails to continue to use RJS templates . (called from <top (required)> at /usr/local/openresty/nginx/html/neo_rail/config/environment.rb:5)


Started GET "/" for 127.0.0.1 at 2014-11-04 18:14:34 +0530
  Processing by LoginController#index as HTML
Rendered login/index.html.erb within layouts/application (6.0ms)
Completed 200 OK in 10ms (Views: 9.5ms | ActiveRecord: 0.0ms)


Started GET "/javascripts/jquery_ujs.js" for 127.0.0.1 at 2014-11-04 18:14:35 +0530

ActionController::RoutingError (No route matches "/javascripts/jquery_ujs.js"):
  

Rendered /Library/Ruby/Gems/2.0.0/gems/actionpack-3.0.20/lib/action_dispatch/middleware/templates/rescues/routing_error.erb within rescues/layout (0.8ms)


Started POST "/upload" for 127.0.0.1 at 2014-11-04 18:14:49 +0530
  Processing by LoginController#create as JS
  Parameters: {"utf8"=>"✓", "authenticity_token"=>"Hfb19gemDhSq5Yk2RFqML3OQnwH6dbnS8MJcszbU55k=", "upload"=>{"first_name"=>"Mohit", "last_name"=>"D", "profile_pic"=>"index.png", "resume"=>"index.png"}, "commit"=>"Upload"}
Completed 406 Not Acceptable in 0ms


Started GET "/" for 127.0.0.1 at 2014-11-04 18:14:56 +0530
  Processing by LoginController#index as HTML
Rendered login/index.html.erb within layouts/application (2.7ms)
Completed 200 OK in 6ms (Views: 6.0ms | ActiveRecord: 0.0ms)


Started GET "/javascripts/jquery_ujs.js" for 127.0.0.1 at 2014-11-04 18:14:57 +0530

ActionController::RoutingError (No route matches "/javascripts/jquery_ujs.js"):
  

Rendered /Library/Ruby/Gems/2.0.0/gems/actionpack-3.0.20/lib/action_dispatch/middleware/templates/rescues/routing_error.erb within rescues/layout (0.8ms)
DEPRECATION WARNING: config.action_view.debug_rjs will be removed in 3.1, from 3.1 onwards you will need to install prototype-rails to continue to use RJS templates . (called from <top (required)> at /usr/local/openresty/nginx/html/neo_rail/config/environment.rb:5)
DEPRECATION WARNING: config.action_view.debug_rjs will be removed in 3.1, from 3.1 onwards you will need to install prototype-rails to continue to use RJS templates . (called from <top (required)> at /usr/local/openresty/nginx/html/neo_rail/config/environment.rb:5)


Started GET "/" for 127.0.0.1 at 2014-11-04 18:21:23 +0530
  Processing by LoginController#index as HTML
Rendered login/index.html.erb within layouts/application (6.2ms)
Completed 200 OK in 10ms (Views: 9.7ms | ActiveRecord: 0.0ms)


Started POST "/upload" for 127.0.0.1 at 2014-11-04 18:21:39 +0530
  Processing by LoginController#create as JS
  Parameters: {"utf8"=>"✓", "authenticity_token"=>"Hfb19gemDhSq5Yk2RFqML3OQnwH6dbnS8MJcszbU55k=", "upload"=>{"first_name"=>"Mohit", "last_name"=>"D"}, "commit"=>"Upload"}
Completed 406 Not Acceptable in 0ms


Started POST "/upload" for 127.0.0.1 at 2014-11-04 18:21:39 +0530
  Processing by LoginController#create as JS
  Parameters: {"utf8"=>"✓", "authenticity_token"=>"Hfb19gemDhSq5Yk2RFqML3OQnwH6dbnS8MJcszbU55k=", "upload"=>{"first_name"=>"Mohit", "last_name"=>"D", "profile_pic"=>#<ActionDispatch::Http::UploadedFile:0x007fca94118940 @original_filename="index.png", @content_type="image/png", @headers="Content-Disposition: form-data; name=\"upload[profile_pic]\"; filename=\"index.png\"\r\nContent-Type: image/png\r\n", @tempfile=#<Tempfile:/var/folders/8r/_3csj4m153g_hpvysffqlns00000gp/T/RackMultipart20141104-7525-1mhhdu1>>, "resume"=>#<ActionDispatch::Http::UploadedFile:0x007fca94118440 @original_filename="index.png", @content_type="image/png", @headers="Content-Disposition: form-data; name=\"upload[resume]\"; filename=\"index.png\"\r\nContent-Type: image/png\r\n", @tempfile=#<Tempfile:/var/folders/8r/_3csj4m153g_hpvysffqlns00000gp/T/RackMultipart20141104-7525-pq8zyk>>}, "remotipart_submitted"=>"true", "X-Requested-With"=>"IFrame", "X-HTTP-Accept"=>"text/javascript, application/javascript, application/ecmascript, application/x-ecmascript, */*; q=0.01"}
  [1m[36mSQL (0.1ms)[0m  [1m SELECT name
 FROM sqlite_master
 WHERE type = 'table' AND NOT name = 'sqlite_sequence'
[0m
  [1m[35mAREL (30.1ms)[0m  INSERT INTO "resumes" ("first_name", "last_name", "resume", "profile_pic", "resume_size", "created_at", "updated_at") VALUES ('Mohit', 'D', 'index.png', 'index.png', NULL, '2014-11-04 12:51:39.751695', '2014-11-04 12:51:39.751695')
Rendered login/create.js.erb (1.2ms)
Completed 200 OK in 197ms (Views: 53.8ms | ActiveRecord: 30.2ms)
  [1m[35mResume Load (0.3ms)[0m  SELECT "resumes".* FROM "resumes"
